<?xml version="1.0" encoding="UTF-8"?>
<!-- Generated by org.testng.reporters.JUnitReportReporter -->
<testsuite hostname="DESKTOP-C52UDGI" failures="0" tests="1" name="StoreInformationTest" time="3.217" errors="0" timestamp="2021-07-21T13:05:00 EDT" skipped="0">
  <testcase classname="StoreInformationTest" name="ValidateStoreInformation" time="3.217"/>
  <system-out/>
</testsuite> <!-- StoreInformationTest -->
