<?xml version="1.0" encoding="UTF-8"?>
<!-- Generated by org.testng.reporters.JUnitReportReporter -->
<testsuite hostname="DESKTOP-C52UDGI" failures="0" tests="1" name="SampleTest" time="10.901" errors="0" timestamp="2021-07-20T18:22:44 EDT" skipped="0">
  <testcase classname="SampleTest" name="Test1" time="10.901"/>
  <system-out/>
</testsuite> <!-- SampleTest -->
