<?xml version="1.0" encoding="UTF-8"?>
<!-- Generated by org.testng.reporters.JUnitReportReporter -->
<testsuite hostname="DESKTOP-C52UDGI" failures="0" tests="1" name="SampleTest" time="0.005" errors="0" timestamp="2021-07-16T00:48:28 EDT" skipped="0">
  <testcase classname="SampleTest" name="Test1" time="0.005"/>
  <system-out/>
</testsuite> <!-- SampleTest -->
